[35m[Appium][39m Welcome to Appium v1.22.3
[35m[Appium][39m Non-default server args:
[35m[Appium][39m   port: 65156
[35m[Appium][39m   loglevel: info
[35m[Appium][39m   tmpDir: C:\Users\DMANHU~1\AppData\Local\Temp\\Katalon\Appium\Temp1689042820362
[35m[Appium][39m   chromedriverPort: 65157
[35m[Appium][39m Deprecated server args:
[35m[Appium][39m   [31m--chromedriver-port[39m => --default-capabilities
[35m[Appium][39m Default capabilities, which will be added to each request unless overridden by desired capabilities:
[35m[Appium][39m   chromedriverPort: 65157
[35m[Appium][39m Appium REST http interface listener started on 0.0.0.0:65156
[35m[HTTP][39m [37m-->[39m [37mGET[39m [37m/wd/hub/status[39m
[35m[HTTP][39m [90m{}[39m
[35m[HTTP][39m [37m<-- GET /wd/hub/status [39m[32m200[39m [90m21 ms - 68[39m
[35m[HTTP][39m [90m[39m
[35m[HTTP][39m [37m-->[39m [37mGET[39m [37m/wd/hub/status[39m
[35m[HTTP][39m [90m{}[39m
[35m[HTTP][39m [37m<-- GET /wd/hub/status [39m[32m200[39m [90m5 ms - 68[39m
[35m[HTTP][39m [90m[39m
[35m[HTTP][39m [37m-->[39m [37mPOST[39m [37m/wd/hub/session[39m
[35m[HTTP][39m [90m{"desiredCapabilities":{"appPackage":"com.android.settings","appWaiActivicty":"*","deviceId":"","deviceName":"samsung SC-02H (Android 7.0)","platform":"ANDROID","appActivity":".Settings","newCommandTimeout":1800,"platformVersion":"7.0","automationName":"uiautomator2","autoGrantPermissions":true,"platformName":"Android","udid":"9ce0d13d","systemPort":8225},"capabilities":{"firstMatch":[{"appium:appActivity":".Settings","appium:appPackage":"com.android.settings","appWaiActivicty":"*","appium:autoGrantPermissions":true,"appium:automationName":"uiautomator2","deviceId":"","appium:deviceName":"samsung SC-02H (Android 7.0)","appium:newCommandTimeout":1800,"platform":"ANDROID","platformName":"android","appium:platformVersion":"7.0","appium:systemPort":8225,"appium:udid":"9ce0d13d"}]}}[39m
[35m[BaseDriver][39m The following capabilities are not standard capabilities and should have an extension prefix:
[35m[BaseDriver][39m   appWaiActivicty
[35m[BaseDriver][39m   deviceId
[35m[BaseDriver][39m   platform
[35m[BaseDriver][39m   chromedriverPort
[35m[Appium][39m Appium v1.22.3 creating new AndroidUiautomator2Driver (v1.70.1) session
[35m[BaseDriver][39m The following capabilities were provided, but are not recognized by Appium:
[35m[BaseDriver][39m   appWaiActivicty
[35m[BaseDriver][39m   deviceId
[35m[BaseDriver][39m   platform
[35m[BaseDriver][39m Session created with session id: 2ec7a32c-cf33-4c15-9123-677a8dcc71b0
[35m[UiAutomator2][39m Starting 'com.android.settings' directly on the device
[35m[ADB][39m Found 1 'build-tools' folders under 'C:\Users\dmanhuynh\AppData\Local\Android\Sdk' (newest first):
[35m[ADB][39m     C:/Users/dmanhuynh/AppData/Local/Android/Sdk/build-tools/34.0.0
[35m[ADB][39m Using 'adb.exe' from 'C:\Users\dmanhuynh\AppData\Local\Android\Sdk\platform-tools\adb.exe'
[35m[AndroidDriver][39m Retrieving device list
[35m[AndroidDriver][39m Using device: 9ce0d13d
[35m[ADB][39m Using 'adb.exe' from 'C:\Users\dmanhuynh\AppData\Local\Android\Sdk\platform-tools\adb.exe'
[35m[AndroidDriver][39m No app sent in, not parsing package/activity
[35m[ADB][39m Using 'apksigner.jar' from 'C:\Users\dmanhuynh\AppData\Local\Android\Sdk\build-tools\34.0.0\lib\apksigner.jar'
[35m[ADB][39m 'C:\Users\dmanhuynh\AppData\Roaming\npm\node_modules\appium\node_modules\appium-uiautomator2-server\apks\appium-uiautomator2-server-v4.27.0.apk' is signed with the default certificate
[35m[ADB][39m 'C:\Users\dmanhuynh\AppData\Roaming\npm\node_modules\appium\node_modules\appium-uiautomator2-server\apks\appium-uiautomator2-server-debug-androidTest.apk' is signed with the default certificate
[35m[UiAutomator2][39m Server packages are not going to be (re)installed
[35m[ADB][39m Adding packages ["io.appium.settings","io.appium.uiautomator2.server","io.appium.uiautomator2.server.test"] to Doze whitelist
[35m[UiAutomator2][39m Starting UIAutomator2 server 4.27.0
[35m[UiAutomator2][39m Using UIAutomator2 server from 'C:\Users\dmanhuynh\AppData\Roaming\npm\node_modules\appium\node_modules\appium-uiautomator2-server\apks\appium-uiautomator2-server-v4.27.0.apk' and test from 'C:\Users\dmanhuynh\AppData\Roaming\npm\node_modules\appium\node_modules\appium-uiautomator2-server\apks\appium-uiautomator2-server-debug-androidTest.apk'
[35m[UiAutomator2][39m Waiting up to 30000ms for UiAutomator2 to be online...
[35m[WD Proxy][39m socket hang up
[35m[WD Proxy][39m socket hang up
[35m[WD Proxy][39m socket hang up
[35m[WD Proxy][39m Determined the downstream protocol as 'W3C'
[35m[AndroidDriver][39m Screen already unlocked, doing nothing
[35m[UiAutomator2][39m Starting 'com.android.settings/.Settings and waiting for 'com.android.settings/.Settings'
[35m[Appium][39m New AndroidUiautomator2Driver session created successfully, session 2ec7a32c-cf33-4c15-9123-677a8dcc71b0 added to master session list
[35m[HTTP][39m [37m<-- POST /wd/hub/session [39m[32m200[39m [90m25554 ms - 1213[39m
[35m[HTTP][39m [90m[39m
[35m[HTTP][39m [37m-->[39m [37mGET[39m [37m/wd/hub/session/2ec7a32c-cf33-4c15-9123-677a8dcc71b0[39m
[35m[HTTP][39m [90m{}[39m
[35m[HTTP][39m [37m<-- GET /wd/hub/session/2ec7a32c-cf33-4c15-9123-677a8dcc71b0 [39m[32m200[39m [90m71 ms - 1167[39m
[35m[HTTP][39m [90m[39m
[35m[HTTP][39m [37m-->[39m [37mGET[39m [37m/wd/hub/session/2ec7a32c-cf33-4c15-9123-677a8dcc71b0[39m
[35m[HTTP][39m [90m{}[39m
[35m[HTTP][39m [37m<-- GET /wd/hub/session/2ec7a32c-cf33-4c15-9123-677a8dcc71b0 [39m[32m200[39m [90m48 ms - 1167[39m
[35m[HTTP][39m [90m[39m
[35m[HTTP][39m [37m-->[39m [37mGET[39m [37m/wd/hub/status[39m
[35m[HTTP][39m [90m{}[39m
[35m[HTTP][39m [37m<-- GET /wd/hub/status [39m[32m200[39m [90m3 ms - 68[39m
[35m[HTTP][39m [90m[39m
[35m[HTTP][39m [37m-->[39m [37mPOST[39m [37m/wd/hub/session/2ec7a32c-cf33-4c15-9123-677a8dcc71b0/timeouts[39m
[35m[HTTP][39m [90m{"implicit":60000}[39m
[35m[HTTP][39m [37m<-- POST /wd/hub/session/2ec7a32c-cf33-4c15-9123-677a8dcc71b0/timeouts [39m[32m200[39m [90m12 ms - 14[39m
[35m[HTTP][39m [90m[39m
[35m[HTTP][39m [37m-->[39m [37mGET[39m [37m/wd/hub/session/2ec7a32c-cf33-4c15-9123-677a8dcc71b0/screenshot[39m
[35m[HTTP][39m [90m{}[39m
[35m[HTTP][39m [37m<-- GET /wd/hub/session/2ec7a32c-cf33-4c15-9123-677a8dcc71b0/screenshot [39m[32m200[39m [90m491 ms - 221138[39m
[35m[HTTP][39m [90m[39m
[35m[HTTP][39m [37m-->[39m [37mGET[39m [37m/wd/hub/session/2ec7a32c-cf33-4c15-9123-677a8dcc71b0/window/rect[39m
[35m[HTTP][39m [90m{}[39m
[35m[HTTP][39m [37m<-- GET /wd/hub/session/2ec7a32c-cf33-4c15-9123-677a8dcc71b0/window/rect [39m[32m200[39m [90m76 ms - 50[39m
[35m[HTTP][39m [90m[39m
[35m[HTTP][39m [37m-->[39m [37mGET[39m [37m/wd/hub/session/2ec7a32c-cf33-4c15-9123-677a8dcc71b0/appium/device/system_bars[39m
[35m[HTTP][39m [90m{}[39m
[35m[HTTP][39m [37m<-- GET /wd/hub/session/2ec7a32c-cf33-4c15-9123-677a8dcc71b0/appium/device/system_bars [39m[31m500[39m [90m609 ms - 655[39m
[35m[HTTP][39m [90m[39m
[35m[HTTP][39m [37m-->[39m [37mPOST[39m [37m/wd/hub/session/2ec7a32c-cf33-4c15-9123-677a8dcc71b0/execute/sync[39m
[35m[HTTP][39m [90m{"script":"mobile:viewportRect","args":[]}[39m
[35m[AndroidDriver][39m Executing native command 'mobile:viewportRect'
[35m[HTTP][39m [37m<-- POST /wd/hub/session/2ec7a32c-cf33-4c15-9123-677a8dcc71b0/execute/sync [39m[32m200[39m [90m47 ms - 56[39m
[35m[HTTP][39m [90m[39m
[35m[HTTP][39m [37m-->[39m [37mPOST[39m [37m/wd/hub/session/2ec7a32c-cf33-4c15-9123-677a8dcc71b0/appium/device/activate_app[39m
[35m[HTTP][39m [90m{"bundleId":"mobile.acb.com.vn"}[39m
[35m[HTTP][39m [37m<-- POST /wd/hub/session/2ec7a32c-cf33-4c15-9123-677a8dcc71b0/appium/device/activate_app [39m[32m200[39m [90m981 ms - 14[39m
[35m[HTTP][39m [90m[39m
[35m[HTTP][39m [37m-->[39m [37mGET[39m [37m/wd/hub/session/2ec7a32c-cf33-4c15-9123-677a8dcc71b0/source[39m
[35m[HTTP][39m [90m{}[39m
[35m[W3C (2ec7a32c)][39m Driver proxy active, passing request on via HTTP proxy
[35m[WD Proxy][39m Replacing sessionId 4a461dcd-5ea7-4911-924c-871abbd84ada with 2ec7a32c-cf33-4c15-9123-677a8dcc71b0
[35m[HTTP][39m [37m<-- GET /wd/hub/session/2ec7a32c-cf33-4c15-9123-677a8dcc71b0/source [39m[32m200[39m [90m573 ms - 2755[39m
[35m[HTTP][39m [90m[39m
[35m[HTTP][39m [37m-->[39m [37mGET[39m [37m/wd/hub/session/2ec7a32c-cf33-4c15-9123-677a8dcc71b0/screenshot[39m
[35m[HTTP][39m [90m{}[39m
[35m[HTTP][39m [37m<-- GET /wd/hub/session/2ec7a32c-cf33-4c15-9123-677a8dcc71b0/screenshot [39m[32m200[39m [90m396 ms - 32400[39m
[35m[HTTP][39m [90m[39m
[35m[HTTP][39m [37m-->[39m [37mPOST[39m [37m/wd/hub/session/2ec7a32c-cf33-4c15-9123-677a8dcc71b0/elements[39m
[35m[HTTP][39m [90m{"using":"xpath","value":"//*[@class = 'android.widget.FrameLayout' and (@text = '' or . = '')]"}[39m
[35m[HTTP][39m [37m<-- POST /wd/hub/session/2ec7a32c-cf33-4c15-9123-677a8dcc71b0/elements [39m[32m200[39m [90m458 ms - 523[39m
[35m[HTTP][39m [90m[39m
[35m[HTTP][39m [37m-->[39m [37mPOST[39m [37m/wd/hub/session/2ec7a32c-cf33-4c15-9123-677a8dcc71b0/elements[39m
[35m[HTTP][39m [90m{"using":"-android uiautomator","value":"new UiSelector().className(\"android.widget.FrameLayout\")"}[39m
[35m[HTTP][39m [37m<-- POST /wd/hub/session/2ec7a32c-cf33-4c15-9123-677a8dcc71b0/elements [39m[32m200[39m [90m170 ms - 523[39m
[35m[HTTP][39m [90m[39m
[35m[HTTP][39m [37m-->[39m [37mGET[39m [37m/wd/hub/session/2ec7a32c-cf33-4c15-9123-677a8dcc71b0/window/rect[39m
[35m[HTTP][39m [90m{}[39m
[35m[HTTP][39m [37m<-- GET /wd/hub/session/2ec7a32c-cf33-4c15-9123-677a8dcc71b0/window/rect [39m[32m200[39m [90m23 ms - 50[39m
[35m[HTTP][39m [90m[39m
[35m[HTTP][39m [37m-->[39m [37mPOST[39m [37m/wd/hub/session/2ec7a32c-cf33-4c15-9123-677a8dcc71b0/elements[39m
[35m[HTTP][39m [90m{"using":"xpath","value":"//hierarchy/android.widget.FrameLayout[1]/android.widget.LinearLayout[1]/android.widget.FrameLayout[1]/android.widget.LinearLayout[1]/android.widget.FrameLayout[1]/android.widget.FrameLayout[1]"}[39m
[35m[HTTP][39m [37m<-- POST /wd/hub/session/2ec7a32c-cf33-4c15-9123-677a8dcc71b0/elements [39m[32m200[39m [90m233 ms - 139[39m
[35m[HTTP][39m [90m[39m
[35m[HTTP][39m [37m-->[39m [37mGET[39m [37m/wd/hub/session/2ec7a32c-cf33-4c15-9123-677a8dcc71b0/element/00000000-0000-002d-7fff-ffff00000006/location[39m
[35m[HTTP][39m [90m{}[39m
[35m[W3C (2ec7a32c)][39m Driver proxy active, passing request on via HTTP proxy
[35m[WD Proxy][39m Replacing sessionId 4a461dcd-5ea7-4911-924c-871abbd84ada with 2ec7a32c-cf33-4c15-9123-677a8dcc71b0
[35m[HTTP][39m [37m<-- GET /wd/hub/session/2ec7a32c-cf33-4c15-9123-677a8dcc71b0/element/00000000-0000-002d-7fff-ffff00000006/location [39m[32m200[39m [90m29 ms - 75[39m
[35m[HTTP][39m [90m[39m
[35m[HTTP][39m [37m-->[39m [37mPOST[39m [37m/wd/hub/session/2ec7a32c-cf33-4c15-9123-677a8dcc71b0/element/00000000-0000-002d-7fff-ffff00000006/click[39m
[35m[HTTP][39m [90m{"id":"00000000-0000-002d-7fff-ffff00000006"}[39m
[35m[HTTP][39m [37m<-- POST /wd/hub/session/2ec7a32c-cf33-4c15-9123-677a8dcc71b0/element/00000000-0000-002d-7fff-ffff00000006/click [39m[32m200[39m [90m92 ms - 14[39m
[35m[HTTP][39m [90m[39m
[35m[HTTP][39m [37m-->[39m [37mGET[39m [37m/wd/hub/session/2ec7a32c-cf33-4c15-9123-677a8dcc71b0/source[39m
[35m[HTTP][39m [90m{}[39m
[35m[W3C (2ec7a32c)][39m Driver proxy active, passing request on via HTTP proxy
[35m[WD Proxy][39m Replacing sessionId 4a461dcd-5ea7-4911-924c-871abbd84ada with 2ec7a32c-cf33-4c15-9123-677a8dcc71b0
[35m[HTTP][39m [37m<-- GET /wd/hub/session/2ec7a32c-cf33-4c15-9123-677a8dcc71b0/source [39m[32m200[39m [90m319 ms - 22696[39m
[35m[HTTP][39m [90m[39m
[35m[HTTP][39m [37m-->[39m [37mGET[39m [37m/wd/hub/session/2ec7a32c-cf33-4c15-9123-677a8dcc71b0/screenshot[39m
[35m[HTTP][39m [90m{}[39m
[35m[HTTP][39m [37m<-- GET /wd/hub/session/2ec7a32c-cf33-4c15-9123-677a8dcc71b0/screenshot [39m[32m200[39m [90m1362 ms - 1960966[39m
[35m[HTTP][39m [90m[39m
[35m[HTTP][39m [37m-->[39m [37mPOST[39m [37m/wd/hub/session/2ec7a32c-cf33-4c15-9123-677a8dcc71b0/elements[39m
[35m[HTTP][39m [90m{"using":"xpath","value":"//*[@class = 'android.widget.TextView' and (@text = 'LOG IN' or . = 'LOG IN')]"}[39m
[35m[HTTP][39m [37m<-- POST /wd/hub/session/2ec7a32c-cf33-4c15-9123-677a8dcc71b0/elements [39m[32m200[39m [90m282 ms - 139[39m
[35m[HTTP][39m [90m[39m
[35m[HTTP][39m [37m-->[39m [37mGET[39m [37m/wd/hub/session/2ec7a32c-cf33-4c15-9123-677a8dcc71b0/window/rect[39m
[35m[HTTP][39m [90m{}[39m
[35m[HTTP][39m [37m<-- GET /wd/hub/session/2ec7a32c-cf33-4c15-9123-677a8dcc71b0/window/rect [39m[32m200[39m [90m17 ms - 50[39m
[35m[HTTP][39m [90m[39m
[35m[HTTP][39m [37m-->[39m [37mPOST[39m [37m/wd/hub/session/2ec7a32c-cf33-4c15-9123-677a8dcc71b0/elements[39m
[35m[HTTP][39m [90m{"using":"xpath","value":"//*[@class = 'android.widget.TextView' and (@text = 'LOG IN' or . = 'LOG IN')]"}[39m
[35m[HTTP][39m [37m<-- POST /wd/hub/session/2ec7a32c-cf33-4c15-9123-677a8dcc71b0/elements [39m[32m200[39m [90m222 ms - 139[39m
[35m[HTTP][39m [90m[39m
[35m[HTTP][39m [37m-->[39m [37mGET[39m [37m/wd/hub/session/2ec7a32c-cf33-4c15-9123-677a8dcc71b0/element/00000000-0000-002d-7fff-ffff0000000d/location[39m
[35m[HTTP][39m [90m{}[39m
[35m[W3C (2ec7a32c)][39m Driver proxy active, passing request on via HTTP proxy
[35m[WD Proxy][39m Replacing sessionId 4a461dcd-5ea7-4911-924c-871abbd84ada with 2ec7a32c-cf33-4c15-9123-677a8dcc71b0
[35m[HTTP][39m [37m<-- GET /wd/hub/session/2ec7a32c-cf33-4c15-9123-677a8dcc71b0/element/00000000-0000-002d-7fff-ffff0000000d/location [39m[32m200[39m [90m28 ms - 79[39m
[35m[HTTP][39m [90m[39m
[35m[HTTP][39m [37m-->[39m [37mPOST[39m [37m/wd/hub/session/2ec7a32c-cf33-4c15-9123-677a8dcc71b0/element/00000000-0000-002d-7fff-ffff0000000d/click[39m
[35m[HTTP][39m [90m{"id":"00000000-0000-002d-7fff-ffff0000000d"}[39m
[35m[HTTP][39m [37m<-- POST /wd/hub/session/2ec7a32c-cf33-4c15-9123-677a8dcc71b0/element/00000000-0000-002d-7fff-ffff0000000d/click [39m[32m200[39m [90m80 ms - 14[39m
[35m[HTTP][39m [90m[39m
[35m[HTTP][39m [37m-->[39m [37mGET[39m [37m/wd/hub/session/2ec7a32c-cf33-4c15-9123-677a8dcc71b0/source[39m
[35m[HTTP][39m [90m{}[39m
[35m[W3C (2ec7a32c)][39m Driver proxy active, passing request on via HTTP proxy
[35m[WD Proxy][39m Replacing sessionId 4a461dcd-5ea7-4911-924c-871abbd84ada with 2ec7a32c-cf33-4c15-9123-677a8dcc71b0
[35m[HTTP][39m [37m<-- GET /wd/hub/session/2ec7a32c-cf33-4c15-9123-677a8dcc71b0/source [39m[32m200[39m [90m1045 ms - 15283[39m
[35m[HTTP][39m [90m[39m
[35m[HTTP][39m [37m-->[39m [37mGET[39m [37m/wd/hub/session/2ec7a32c-cf33-4c15-9123-677a8dcc71b0/screenshot[39m
[35m[HTTP][39m [90m{}[39m
[35m[HTTP][39m [37m<-- GET /wd/hub/session/2ec7a32c-cf33-4c15-9123-677a8dcc71b0/screenshot [39m[32m200[39m [90m593 ms - 489414[39m
[35m[HTTP][39m [90m[39m
[35m[HTTP][39m [37m-->[39m [37mPOST[39m [37m/wd/hub/session/2ec7a32c-cf33-4c15-9123-677a8dcc71b0/elements[39m
[35m[HTTP][39m [90m{"using":"xpath","value":"//*[@class = 'android.widget.TextView' and (@text = 'Username' or . = 'Username')]"}[39m
[35m[HTTP][39m [37m<-- POST /wd/hub/session/2ec7a32c-cf33-4c15-9123-677a8dcc71b0/elements [39m[32m200[39m [90m233 ms - 139[39m
[35m[HTTP][39m [90m[39m
[35m[HTTP][39m [37m-->[39m [37mGET[39m [37m/wd/hub/session/2ec7a32c-cf33-4c15-9123-677a8dcc71b0/window/rect[39m
[35m[HTTP][39m [90m{}[39m
[35m[HTTP][39m [37m<-- GET /wd/hub/session/2ec7a32c-cf33-4c15-9123-677a8dcc71b0/window/rect [39m[32m200[39m [90m16 ms - 50[39m
[35m[HTTP][39m [90m[39m
[35m[HTTP][39m [37m-->[39m [37mPOST[39m [37m/wd/hub/session/2ec7a32c-cf33-4c15-9123-677a8dcc71b0/elements[39m
[35m[HTTP][39m [90m{"using":"xpath","value":"//*[@class = 'android.widget.TextView' and (@text = 'Username' or . = 'Username')]"}[39m
[35m[HTTP][39m [37m<-- POST /wd/hub/session/2ec7a32c-cf33-4c15-9123-677a8dcc71b0/elements [39m[32m200[39m [90m149 ms - 139[39m
[35m[HTTP][39m [90m[39m
[35m[HTTP][39m [37m-->[39m [37mGET[39m [37m/wd/hub/session/2ec7a32c-cf33-4c15-9123-677a8dcc71b0/element/00000000-0000-002d-7fff-ffff00000044/location[39m
[35m[HTTP][39m [90m{}[39m
[35m[W3C (2ec7a32c)][39m Driver proxy active, passing request on via HTTP proxy
[35m[WD Proxy][39m Replacing sessionId 4a461dcd-5ea7-4911-924c-871abbd84ada with 2ec7a32c-cf33-4c15-9123-677a8dcc71b0
[35m[HTTP][39m [37m<-- GET /wd/hub/session/2ec7a32c-cf33-4c15-9123-677a8dcc71b0/element/00000000-0000-002d-7fff-ffff00000044/location [39m[32m200[39m [90m22 ms - 77[39m
[35m[HTTP][39m [90m[39m
[35m[HTTP][39m [37m-->[39m [37mPOST[39m [37m/wd/hub/session/2ec7a32c-cf33-4c15-9123-677a8dcc71b0/element/00000000-0000-002d-7fff-ffff00000044/click[39m
[35m[HTTP][39m [90m{"id":"00000000-0000-002d-7fff-ffff00000044"}[39m
[35m[HTTP][39m [37m<-- POST /wd/hub/session/2ec7a32c-cf33-4c15-9123-677a8dcc71b0/element/00000000-0000-002d-7fff-ffff00000044/click [39m[32m200[39m [90m57 ms - 14[39m
[35m[HTTP][39m [90m[39m
[35m[HTTP][39m [37m-->[39m [37mGET[39m [37m/wd/hub/session/2ec7a32c-cf33-4c15-9123-677a8dcc71b0/source[39m
[35m[HTTP][39m [90m{}[39m
[35m[W3C (2ec7a32c)][39m Driver proxy active, passing request on via HTTP proxy
[35m[WD Proxy][39m Replacing sessionId 4a461dcd-5ea7-4911-924c-871abbd84ada with 2ec7a32c-cf33-4c15-9123-677a8dcc71b0
[35m[HTTP][39m [37m<-- GET /wd/hub/session/2ec7a32c-cf33-4c15-9123-677a8dcc71b0/source [39m[32m200[39m [90m868 ms - 14395[39m
[35m[HTTP][39m [90m[39m
[35m[HTTP][39m [37m-->[39m [37mGET[39m [37m/wd/hub/session/2ec7a32c-cf33-4c15-9123-677a8dcc71b0/screenshot[39m
[35m[HTTP][39m [90m{}[39m
[35m[HTTP][39m [37m<-- GET /wd/hub/session/2ec7a32c-cf33-4c15-9123-677a8dcc71b0/screenshot [39m[32m200[39m [90m536 ms - 399914[39m
[35m[HTTP][39m [90m[39m
[35m[HTTP][39m [37m-->[39m [37mPOST[39m [37m/wd/hub/session/2ec7a32c-cf33-4c15-9123-677a8dcc71b0/elements[39m
[35m[HTTP][39m [90m{"using":"xpath","value":"//*[@class = 'android.widget.EditText' and (@text = '' or . = '')]"}[39m
[35m[HTTP][39m [37m<-- POST /wd/hub/session/2ec7a32c-cf33-4c15-9123-677a8dcc71b0/elements [39m[32m200[39m [90m206 ms - 267[39m
[35m[HTTP][39m [90m[39m
[35m[HTTP][39m [37m-->[39m [37mPOST[39m [37m/wd/hub/session/2ec7a32c-cf33-4c15-9123-677a8dcc71b0/elements[39m
[35m[HTTP][39m [90m{"using":"-android uiautomator","value":"new UiSelector().className(\"android.widget.EditText\")"}[39m
[35m[HTTP][39m [37m<-- POST /wd/hub/session/2ec7a32c-cf33-4c15-9123-677a8dcc71b0/elements [39m[32m200[39m [90m121 ms - 267[39m
[35m[HTTP][39m [90m[39m
[35m[HTTP][39m [37m-->[39m [37mGET[39m [37m/wd/hub/session/2ec7a32c-cf33-4c15-9123-677a8dcc71b0/window/rect[39m
[35m[HTTP][39m [90m{}[39m
[35m[HTTP][39m [37m<-- GET /wd/hub/session/2ec7a32c-cf33-4c15-9123-677a8dcc71b0/window/rect [39m[32m200[39m [90m32 ms - 50[39m
[35m[HTTP][39m [90m[39m
[35m[HTTP][39m [37m-->[39m [37mPOST[39m [37m/wd/hub/session/2ec7a32c-cf33-4c15-9123-677a8dcc71b0/elements[39m
[35m[HTTP][39m [90m{"using":"xpath","value":"//hierarchy/android.widget.FrameLayout[1]/android.widget.LinearLayout[1]/android.widget.FrameLayout[1]/android.widget.LinearLayout[1]/android.widget.FrameLayout[1]/android.widget.FrameLayout[1]/android.view.ViewGroup[1]/android.view.ViewGroup[1]/android.view.ViewGroup[1]/android.view.ViewGroup[1]/android.view.ViewGroup[1]/android.view.ViewGroup[1]/android.view.ViewGroup[1]/android.view.ViewGroup[1]/android.view.ViewGroup[1]/android.view.ViewGroup[1]/android.view.ViewGroup[3]/android.widget.EditText[1]"}[39m
[35m[HTTP][39m [37m<-- POST /wd/hub/session/2ec7a32c-cf33-4c15-9123-677a8dcc71b0/elements [39m[32m200[39m [90m225 ms - 139[39m
[35m[HTTP][39m [90m[39m
[35m[HTTP][39m [37m-->[39m [37mGET[39m [37m/wd/hub/session/2ec7a32c-cf33-4c15-9123-677a8dcc71b0/element/00000000-0000-002d-7fff-ffff0000003f/location[39m
[35m[HTTP][39m [90m{}[39m
[35m[W3C (2ec7a32c)][39m Driver proxy active, passing request on via HTTP proxy
[35m[WD Proxy][39m Replacing sessionId 4a461dcd-5ea7-4911-924c-871abbd84ada with 2ec7a32c-cf33-4c15-9123-677a8dcc71b0
[35m[HTTP][39m [37m<-- GET /wd/hub/session/2ec7a32c-cf33-4c15-9123-677a8dcc71b0/element/00000000-0000-002d-7fff-ffff0000003f/location [39m[32m200[39m [90m47 ms - 77[39m
[35m[HTTP][39m [90m[39m
[35m[HTTP][39m [37m-->[39m [37mPOST[39m [37m/wd/hub/session/2ec7a32c-cf33-4c15-9123-677a8dcc71b0/element/00000000-0000-002d-7fff-ffff0000003f/clear[39m
[35m[HTTP][39m [90m{"id":"00000000-0000-002d-7fff-ffff0000003f"}[39m
[35m[HTTP][39m [37m<-- POST /wd/hub/session/2ec7a32c-cf33-4c15-9123-677a8dcc71b0/element/00000000-0000-002d-7fff-ffff0000003f/clear [39m[32m200[39m [90m90 ms - 14[39m
[35m[HTTP][39m [90m[39m
[35m[HTTP][39m [37m-->[39m [37mPOST[39m [37m/wd/hub/session/2ec7a32c-cf33-4c15-9123-677a8dcc71b0/element/00000000-0000-002d-7fff-ffff0000003f/value[39m
[35m[HTTP][39m [90m{"id":"00000000-0000-002d-7fff-ffff0000003f","text":"16816257","value":["1","6","8","1","6","2","5","7"]}[39m
[35m[HTTP][39m [37m<-- POST /wd/hub/session/2ec7a32c-cf33-4c15-9123-677a8dcc71b0/element/00000000-0000-002d-7fff-ffff0000003f/value [39m[32m200[39m [90m731 ms - 14[39m
[35m[HTTP][39m [90m[39m
[35m[HTTP][39m [37m-->[39m [37mGET[39m [37m/wd/hub/session/2ec7a32c-cf33-4c15-9123-677a8dcc71b0/source[39m
[35m[HTTP][39m [90m{}[39m
[35m[W3C (2ec7a32c)][39m Driver proxy active, passing request on via HTTP proxy
[35m[WD Proxy][39m Replacing sessionId 4a461dcd-5ea7-4911-924c-871abbd84ada with 2ec7a32c-cf33-4c15-9123-677a8dcc71b0
[35m[HTTP][39m [37m<-- GET /wd/hub/session/2ec7a32c-cf33-4c15-9123-677a8dcc71b0/source [39m[32m200[39m [90m599 ms - 14403[39m
[35m[HTTP][39m [90m[39m
[35m[HTTP][39m [37m-->[39m [37mGET[39m [37m/wd/hub/session/2ec7a32c-cf33-4c15-9123-677a8dcc71b0/screenshot[39m
[35m[HTTP][39m [90m{}[39m
[35m[HTTP][39m [37m<-- GET /wd/hub/session/2ec7a32c-cf33-4c15-9123-677a8dcc71b0/screenshot [39m[32m200[39m [90m528 ms - 407378[39m
[35m[HTTP][39m [90m[39m
[35m[HTTP][39m [37m-->[39m [37mPOST[39m [37m/wd/hub/session/2ec7a32c-cf33-4c15-9123-677a8dcc71b0/elements[39m
[35m[HTTP][39m [90m{"using":"xpath","value":"//*[@class = 'android.widget.TextView' and (@text = 'Password' or . = 'Password')]"}[39m
[35m[HTTP][39m [37m<-- POST /wd/hub/session/2ec7a32c-cf33-4c15-9123-677a8dcc71b0/elements [39m[32m200[39m [90m202 ms - 139[39m
[35m[HTTP][39m [90m[39m
[35m[HTTP][39m [37m-->[39m [37mGET[39m [37m/wd/hub/session/2ec7a32c-cf33-4c15-9123-677a8dcc71b0/window/rect[39m
[35m[HTTP][39m [90m{}[39m
[35m[HTTP][39m [37m<-- GET /wd/hub/session/2ec7a32c-cf33-4c15-9123-677a8dcc71b0/window/rect [39m[32m200[39m [90m10 ms - 50[39m
[35m[HTTP][39m [90m[39m
[35m[HTTP][39m [37m-->[39m [37mPOST[39m [37m/wd/hub/session/2ec7a32c-cf33-4c15-9123-677a8dcc71b0/elements[39m
[35m[HTTP][39m [90m{"using":"xpath","value":"//*[@class = 'android.widget.TextView' and (@text = 'Password' or . = 'Password')]"}[39m
[35m[HTTP][39m [37m<-- POST /wd/hub/session/2ec7a32c-cf33-4c15-9123-677a8dcc71b0/elements [39m[32m200[39m [90m183 ms - 139[39m
[35m[HTTP][39m [90m[39m
[35m[HTTP][39m [37m-->[39m [37mGET[39m [37m/wd/hub/session/2ec7a32c-cf33-4c15-9123-677a8dcc71b0/element/00000000-0000-002d-7fff-ffff00000045/location[39m
[35m[HTTP][39m [90m{}[39m
[35m[W3C (2ec7a32c)][39m Driver proxy active, passing request on via HTTP proxy
[35m[WD Proxy][39m Replacing sessionId 4a461dcd-5ea7-4911-924c-871abbd84ada with 2ec7a32c-cf33-4c15-9123-677a8dcc71b0
[35m[HTTP][39m [37m<-- GET /wd/hub/session/2ec7a32c-cf33-4c15-9123-677a8dcc71b0/element/00000000-0000-002d-7fff-ffff00000045/location [39m[32m200[39m [90m28 ms - 77[39m
[35m[HTTP][39m [90m[39m
[35m[HTTP][39m [37m-->[39m [37mPOST[39m [37m/wd/hub/session/2ec7a32c-cf33-4c15-9123-677a8dcc71b0/element/00000000-0000-002d-7fff-ffff00000045/click[39m
[35m[HTTP][39m [90m{"id":"00000000-0000-002d-7fff-ffff00000045"}[39m
[35m[HTTP][39m [37m<-- POST /wd/hub/session/2ec7a32c-cf33-4c15-9123-677a8dcc71b0/element/00000000-0000-002d-7fff-ffff00000045/click [39m[32m200[39m [90m76 ms - 14[39m
[35m[HTTP][39m [90m[39m
[35m[HTTP][39m [37m-->[39m [37mGET[39m [37m/wd/hub/session/2ec7a32c-cf33-4c15-9123-677a8dcc71b0/source[39m
[35m[HTTP][39m [90m{}[39m
[35m[W3C (2ec7a32c)][39m Driver proxy active, passing request on via HTTP proxy
[35m[WD Proxy][39m Replacing sessionId 4a461dcd-5ea7-4911-924c-871abbd84ada with 2ec7a32c-cf33-4c15-9123-677a8dcc71b0
[35m[HTTP][39m [37m<-- GET /wd/hub/session/2ec7a32c-cf33-4c15-9123-677a8dcc71b0/source [39m[32m200[39m [90m467 ms - 14403[39m
[35m[HTTP][39m [90m[39m
[35m[HTTP][39m [37m-->[39m [37mGET[39m [37m/wd/hub/session/2ec7a32c-cf33-4c15-9123-677a8dcc71b0/screenshot[39m
[35m[HTTP][39m [90m{}[39m
[35m[HTTP][39m [37m<-- GET /wd/hub/session/2ec7a32c-cf33-4c15-9123-677a8dcc71b0/screenshot [39m[32m200[39m [90m506 ms - 403954[39m
[35m[HTTP][39m [90m[39m
[35m[HTTP][39m [37m-->[39m [37mPOST[39m [37m/wd/hub/session/2ec7a32c-cf33-4c15-9123-677a8dcc71b0/elements[39m
[35m[HTTP][39m [90m{"using":"xpath","value":"//*[@class = 'android.widget.EditText' and (@text = '' or . = '')]"}[39m
[35m[HTTP][39m [37m<-- POST /wd/hub/session/2ec7a32c-cf33-4c15-9123-677a8dcc71b0/elements [39m[32m200[39m [90m180 ms - 267[39m
[35m[HTTP][39m [90m[39m
[35m[HTTP][39m [37m-->[39m [37mPOST[39m [37m/wd/hub/session/2ec7a32c-cf33-4c15-9123-677a8dcc71b0/elements[39m
[35m[HTTP][39m [90m{"using":"-android uiautomator","value":"new UiSelector().className(\"android.widget.EditText\")"}[39m
[35m[HTTP][39m [37m<-- POST /wd/hub/session/2ec7a32c-cf33-4c15-9123-677a8dcc71b0/elements [39m[32m200[39m [90m93 ms - 267[39m
[35m[HTTP][39m [90m[39m
[35m[HTTP][39m [37m-->[39m [37mGET[39m [37m/wd/hub/session/2ec7a32c-cf33-4c15-9123-677a8dcc71b0/window/rect[39m
[35m[HTTP][39m [90m{}[39m
[35m[HTTP][39m [37m<-- GET /wd/hub/session/2ec7a32c-cf33-4c15-9123-677a8dcc71b0/window/rect [39m[32m200[39m [90m36 ms - 50[39m
[35m[HTTP][39m [90m[39m
[35m[HTTP][39m [37m-->[39m [37mPOST[39m [37m/wd/hub/session/2ec7a32c-cf33-4c15-9123-677a8dcc71b0/elements[39m
[35m[HTTP][39m [90m{"using":"xpath","value":"//hierarchy/android.widget.FrameLayout[1]/android.widget.LinearLayout[1]/android.widget.FrameLayout[1]/android.widget.LinearLayout[1]/android.widget.FrameLayout[1]/android.widget.FrameLayout[1]/android.view.ViewGroup[1]/android.view.ViewGroup[1]/android.view.ViewGroup[1]/android.view.ViewGroup[1]/android.view.ViewGroup[1]/android.view.ViewGroup[1]/android.view.ViewGroup[1]/android.view.ViewGroup[1]/android.view.ViewGroup[1]/android.view.ViewGroup[1]/android.view.ViewGroup[5]/android.widget.EditText[1]"}[39m
[35m[HTTP][39m [37m<-- POST /wd/hub/session/2ec7a32c-cf33-4c15-9123-677a8dcc71b0/elements [39m[32m200[39m [90m201 ms - 139[39m
[35m[HTTP][39m [90m[39m
[35m[HTTP][39m [37m-->[39m [37mGET[39m [37m/wd/hub/session/2ec7a32c-cf33-4c15-9123-677a8dcc71b0/element/00000000-0000-002d-7fff-ffff00000041/location[39m
[35m[HTTP][39m [90m{}[39m
[35m[W3C (2ec7a32c)][39m Driver proxy active, passing request on via HTTP proxy
[35m[WD Proxy][39m Replacing sessionId 4a461dcd-5ea7-4911-924c-871abbd84ada with 2ec7a32c-cf33-4c15-9123-677a8dcc71b0
[35m[HTTP][39m [37m<-- GET /wd/hub/session/2ec7a32c-cf33-4c15-9123-677a8dcc71b0/element/00000000-0000-002d-7fff-ffff00000041/location [39m[32m200[39m [90m37 ms - 77[39m
[35m[HTTP][39m [90m[39m
[35m[HTTP][39m [37m-->[39m [37mPOST[39m [37m/wd/hub/session/2ec7a32c-cf33-4c15-9123-677a8dcc71b0/element/00000000-0000-002d-7fff-ffff00000041/clear[39m
[35m[HTTP][39m [90m{"id":"00000000-0000-002d-7fff-ffff00000041"}[39m
[35m[HTTP][39m [37m<-- POST /wd/hub/session/2ec7a32c-cf33-4c15-9123-677a8dcc71b0/element/00000000-0000-002d-7fff-ffff00000041/clear [39m[32m200[39m [90m102 ms - 14[39m
[35m[HTTP][39m [90m[39m
[35m[HTTP][39m [37m-->[39m [37mPOST[39m [37m/wd/hub/session/2ec7a32c-cf33-4c15-9123-677a8dcc71b0/element/00000000-0000-002d-7fff-ffff00000041/value[39m
[35m[HTTP][39m [90m{"id":"00000000-0000-002d-7fff-ffff00000041","text":"Thelordofking_8","value":["T","h","e","l","o","r","d","o","f","k","i","n","g","_","8"]}[39m
[35m[HTTP][39m [37m<-- POST /wd/hub/session/2ec7a32c-cf33-4c15-9123-677a8dcc71b0/element/00000000-0000-002d-7fff-ffff00000041/value [39m[32m200[39m [90m780 ms - 14[39m
[35m[HTTP][39m [90m[39m
[35m[HTTP][39m [37m-->[39m [37mGET[39m [37m/wd/hub/session/2ec7a32c-cf33-4c15-9123-677a8dcc71b0/source[39m
[35m[HTTP][39m [90m{}[39m
[35m[W3C (2ec7a32c)][39m Driver proxy active, passing request on via HTTP proxy
[35m[WD Proxy][39m Replacing sessionId 4a461dcd-5ea7-4911-924c-871abbd84ada with 2ec7a32c-cf33-4c15-9123-677a8dcc71b0
[35m[HTTP][39m [37m<-- GET /wd/hub/session/2ec7a32c-cf33-4c15-9123-677a8dcc71b0/source [39m[32m200[39m [90m513 ms - 14447[39m
[35m[HTTP][39m [90m[39m
[35m[HTTP][39m [37m-->[39m [37mGET[39m [37m/wd/hub/session/2ec7a32c-cf33-4c15-9123-677a8dcc71b0/screenshot[39m
[35m[HTTP][39m [90m{}[39m
[35m[HTTP][39m [37m<-- GET /wd/hub/session/2ec7a32c-cf33-4c15-9123-677a8dcc71b0/screenshot [39m[32m200[39m [90m553 ms - 406212[39m
[35m[HTTP][39m [90m[39m
[35m[HTTP][39m [37m-->[39m [37mGET[39m [37m/wd/hub/session/2ec7a32c-cf33-4c15-9123-677a8dcc71b0/context[39m
[35m[HTTP][39m [90m{}[39m
[35m[HTTP][39m [37m<-- GET /wd/hub/session/2ec7a32c-cf33-4c15-9123-677a8dcc71b0/context [39m[32m200[39m [90m2 ms - 22[39m
[35m[HTTP][39m [90m[39m
[35m[HTTP][39m [37m-->[39m [37mGET[39m [37m/wd/hub/session/2ec7a32c-cf33-4c15-9123-677a8dcc71b0/contexts[39m
[35m[HTTP][39m [90m{}[39m
[35m[HTTP][39m [37m<-- GET /wd/hub/session/2ec7a32c-cf33-4c15-9123-677a8dcc71b0/contexts [39m[32m200[39m [90m189 ms - 24[39m
[35m[HTTP][39m [90m[39m
[35m[HTTP][39m [37m-->[39m [37mPOST[39m [37m/wd/hub/session/2ec7a32c-cf33-4c15-9123-677a8dcc71b0/context[39m
[35m[HTTP][39m [90m{"name":"NATIVE_APP"}[39m
[35m[HTTP][39m [37m<-- POST /wd/hub/session/2ec7a32c-cf33-4c15-9123-677a8dcc71b0/context [39m[32m200[39m [90m2 ms - 14[39m
[35m[HTTP][39m [90m[39m
[35m[HTTP][39m [37m-->[39m [37mPOST[39m [37m/wd/hub/session/2ec7a32c-cf33-4c15-9123-677a8dcc71b0/appium/device/hide_keyboard[39m
[35m[HTTP][39m [90m{}[39m
[35m[HTTP][39m [37m<-- POST /wd/hub/session/2ec7a32c-cf33-4c15-9123-677a8dcc71b0/appium/device/hide_keyboard [39m[32m200[39m [90m1173 ms - 14[39m
[35m[HTTP][39m [90m[39m
[35m[HTTP][39m [37m-->[39m [37mPOST[39m [37m/wd/hub/session/2ec7a32c-cf33-4c15-9123-677a8dcc71b0/context[39m
[35m[HTTP][39m [90m{"name":"NATIVE_APP"}[39m
[35m[HTTP][39m [37m<-- POST /wd/hub/session/2ec7a32c-cf33-4c15-9123-677a8dcc71b0/context [39m[32m200[39m [90m1 ms - 14[39m
[35m[HTTP][39m [90m[39m
[35m[HTTP][39m [37m-->[39m [37mGET[39m [37m/wd/hub/session/2ec7a32c-cf33-4c15-9123-677a8dcc71b0/source[39m
[35m[HTTP][39m [90m{}[39m
[35m[W3C (2ec7a32c)][39m Driver proxy active, passing request on via HTTP proxy
[35m[WD Proxy][39m Replacing sessionId 4a461dcd-5ea7-4911-924c-871abbd84ada with 2ec7a32c-cf33-4c15-9123-677a8dcc71b0
[35m[HTTP][39m [37m<-- GET /wd/hub/session/2ec7a32c-cf33-4c15-9123-677a8dcc71b0/source [39m[32m200[39m [90m270 ms - 15334[39m
[35m[HTTP][39m [90m[39m
[35m[HTTP][39m [37m-->[39m [37mGET[39m [37m/wd/hub/session/2ec7a32c-cf33-4c15-9123-677a8dcc71b0/screenshot[39m
[35m[HTTP][39m [90m{}[39m
[35m[HTTP][39m [37m<-- GET /wd/hub/session/2ec7a32c-cf33-4c15-9123-677a8dcc71b0/screenshot [39m[32m200[39m [90m583 ms - 498400[39m
[35m[HTTP][39m [90m[39m
[35m[HTTP][39m [37m-->[39m [37mPOST[39m [37m/wd/hub/session/2ec7a32c-cf33-4c15-9123-677a8dcc71b0/elements[39m
[35m[HTTP][39m [90m{"using":"xpath","value":"//*[@class = 'android.view.ViewGroup' and (@text = '' or . = '')]"}[39m
[35m[HTTP][39m [37m<-- POST /wd/hub/session/2ec7a32c-cf33-4c15-9123-677a8dcc71b0/elements [39m[32m200[39m [90m216 ms - 2443[39m
[35m[HTTP][39m [90m[39m
[35m[HTTP][39m [37m-->[39m [37mPOST[39m [37m/wd/hub/session/2ec7a32c-cf33-4c15-9123-677a8dcc71b0/elements[39m
[35m[HTTP][39m [90m{"using":"-android uiautomator","value":"new UiSelector().className(\"android.view.ViewGroup\")"}[39m
[35m[HTTP][39m [37m<-- POST /wd/hub/session/2ec7a32c-cf33-4c15-9123-677a8dcc71b0/elements [39m[32m200[39m [90m814 ms - 2443[39m
[35m[HTTP][39m [90m[39m
[35m[HTTP][39m [37m-->[39m [37mGET[39m [37m/wd/hub/session/2ec7a32c-cf33-4c15-9123-677a8dcc71b0/window/rect[39m
[35m[HTTP][39m [90m{}[39m
[35m[HTTP][39m [37m<-- GET /wd/hub/session/2ec7a32c-cf33-4c15-9123-677a8dcc71b0/window/rect [39m[32m200[39m [90m18 ms - 50[39m
[35m[HTTP][39m [90m[39m
[35m[HTTP][39m [37m-->[39m [37mPOST[39m [37m/wd/hub/session/2ec7a32c-cf33-4c15-9123-677a8dcc71b0/elements[39m
[35m[HTTP][39m [90m{"using":"xpath","value":"//hierarchy/android.widget.FrameLayout[1]/android.widget.LinearLayout[1]/android.widget.FrameLayout[1]/android.widget.LinearLayout[1]/android.widget.FrameLayout[1]/android.widget.FrameLayout[1]/android.view.ViewGroup[1]/android.view.ViewGroup[1]/android.view.ViewGroup[1]/android.view.ViewGroup[1]/android.view.ViewGroup[1]/android.view.ViewGroup[1]/android.view.ViewGroup[1]/android.view.ViewGroup[1]/android.view.ViewGroup[1]/android.view.ViewGroup[1]/android.view.ViewGroup[6]/android.view.ViewGroup[1]"}[39m
[35m[HTTP][39m [37m<-- POST /wd/hub/session/2ec7a32c-cf33-4c15-9123-677a8dcc71b0/elements [39m[32m200[39m [90m162 ms - 139[39m
[35m[HTTP][39m [90m[39m
[35m[HTTP][39m [37m-->[39m [37mGET[39m [37m/wd/hub/session/2ec7a32c-cf33-4c15-9123-677a8dcc71b0/element/00000000-0000-002d-7fff-ffff00000047/location[39m
[35m[HTTP][39m [90m{}[39m
[35m[W3C (2ec7a32c)][39m Driver proxy active, passing request on via HTTP proxy
[35m[WD Proxy][39m Replacing sessionId 4a461dcd-5ea7-4911-924c-871abbd84ada with 2ec7a32c-cf33-4c15-9123-677a8dcc71b0
[35m[HTTP][39m [37m<-- GET /wd/hub/session/2ec7a32c-cf33-4c15-9123-677a8dcc71b0/element/00000000-0000-002d-7fff-ffff00000047/location [39m[32m200[39m [90m44 ms - 78[39m
[35m[HTTP][39m [90m[39m
[35m[HTTP][39m [37m-->[39m [37mPOST[39m [37m/wd/hub/session/2ec7a32c-cf33-4c15-9123-677a8dcc71b0/element/00000000-0000-002d-7fff-ffff00000047/click[39m
[35m[HTTP][39m [90m{"id":"00000000-0000-002d-7fff-ffff00000047"}[39m
[35m[HTTP][39m [37m<-- POST /wd/hub/session/2ec7a32c-cf33-4c15-9123-677a8dcc71b0/element/00000000-0000-002d-7fff-ffff00000047/click [39m[32m200[39m [90m68 ms - 14[39m
[35m[HTTP][39m [90m[39m
[35m[HTTP][39m [37m-->[39m [37mGET[39m [37m/wd/hub/session/2ec7a32c-cf33-4c15-9123-677a8dcc71b0/source[39m
[35m[HTTP][39m [90m{}[39m
[35m[W3C (2ec7a32c)][39m Driver proxy active, passing request on via HTTP proxy
[35m[WD Proxy][39m Replacing sessionId 4a461dcd-5ea7-4911-924c-871abbd84ada with 2ec7a32c-cf33-4c15-9123-677a8dcc71b0
[35m[HTTP][39m [37m<-- GET /wd/hub/session/2ec7a32c-cf33-4c15-9123-677a8dcc71b0/source [39m[32m200[39m [90m1559 ms - 6358[39m
[35m[HTTP][39m [90m[39m
[35m[HTTP][39m [37m-->[39m [37mGET[39m [37m/wd/hub/session/2ec7a32c-cf33-4c15-9123-677a8dcc71b0/screenshot[39m
[35m[HTTP][39m [90m{}[39m
[35m[HTTP][39m [37m<-- GET /wd/hub/session/2ec7a32c-cf33-4c15-9123-677a8dcc71b0/screenshot [39m[32m200[39m [90m474 ms - 405292[39m
[35m[HTTP][39m [90m[39m
[35m[HTTP][39m [37m-->[39m [37mPOST[39m [37m/wd/hub/session/2ec7a32c-cf33-4c15-9123-677a8dcc71b0/elements[39m
[35m[HTTP][39m [90m{"using":"xpath","value":"//*[@class = 'android.widget.Button' and (@text = 'DENY' or . = 'DENY') and @resource-id = 'com.android.packageinstaller:id/permission_deny_button']"}[39m
[35m[HTTP][39m [37m<-- POST /wd/hub/session/2ec7a32c-cf33-4c15-9123-677a8dcc71b0/elements [39m[32m200[39m [90m109 ms - 139[39m
[35m[HTTP][39m [90m[39m
[35m[HTTP][39m [37m-->[39m [37mGET[39m [37m/wd/hub/session/2ec7a32c-cf33-4c15-9123-677a8dcc71b0/window/rect[39m
[35m[HTTP][39m [90m{}[39m
[35m[HTTP][39m [37m<-- GET /wd/hub/session/2ec7a32c-cf33-4c15-9123-677a8dcc71b0/window/rect [39m[32m200[39m [90m13 ms - 50[39m
[35m[HTTP][39m [90m[39m
[35m[HTTP][39m [37m-->[39m [37mPOST[39m [37m/wd/hub/session/2ec7a32c-cf33-4c15-9123-677a8dcc71b0/elements[39m
[35m[HTTP][39m [90m{"using":"xpath","value":"//*[@class = 'android.widget.Button' and (@text = 'DENY' or . = 'DENY') and @resource-id = 'com.android.packageinstaller:id/permission_deny_button']"}[39m
[35m[HTTP][39m [37m<-- POST /wd/hub/session/2ec7a32c-cf33-4c15-9123-677a8dcc71b0/elements [39m[32m200[39m [90m85 ms - 139[39m
[35m[HTTP][39m [90m[39m
[35m[HTTP][39m [37m-->[39m [37mGET[39m [37m/wd/hub/session/2ec7a32c-cf33-4c15-9123-677a8dcc71b0/element/00000000-0000-002e-7fff-ffff00000002/location[39m
[35m[HTTP][39m [90m{}[39m
[35m[W3C (2ec7a32c)][39m Driver proxy active, passing request on via HTTP proxy
[35m[WD Proxy][39m Replacing sessionId 4a461dcd-5ea7-4911-924c-871abbd84ada with 2ec7a32c-cf33-4c15-9123-677a8dcc71b0
[35m[HTTP][39m [37m<-- GET /wd/hub/session/2ec7a32c-cf33-4c15-9123-677a8dcc71b0/element/00000000-0000-002e-7fff-ffff00000002/location [39m[32m200[39m [90m19 ms - 79[39m
[35m[HTTP][39m [90m[39m
[35m[HTTP][39m [37m-->[39m [37mPOST[39m [37m/wd/hub/session/2ec7a32c-cf33-4c15-9123-677a8dcc71b0/element/00000000-0000-002e-7fff-ffff00000002/click[39m
[35m[HTTP][39m [90m{"id":"00000000-0000-002e-7fff-ffff00000002"}[39m
[35m[HTTP][39m [37m<-- POST /wd/hub/session/2ec7a32c-cf33-4c15-9123-677a8dcc71b0/element/00000000-0000-002e-7fff-ffff00000002/click [39m[32m200[39m [90m67 ms - 14[39m
[35m[HTTP][39m [90m[39m
[35m[HTTP][39m [37m-->[39m [37mGET[39m [37m/wd/hub/session/2ec7a32c-cf33-4c15-9123-677a8dcc71b0/source[39m
[35m[HTTP][39m [90m{}[39m
[35m[W3C (2ec7a32c)][39m Driver proxy active, passing request on via HTTP proxy
[35m[WD Proxy][39m Replacing sessionId 4a461dcd-5ea7-4911-924c-871abbd84ada with 2ec7a32c-cf33-4c15-9123-677a8dcc71b0
[35m[HTTP][39m [37m<-- GET /wd/hub/session/2ec7a32c-cf33-4c15-9123-677a8dcc71b0/source [39m[32m200[39m [90m431 ms - 4493[39m
[35m[HTTP][39m [90m[39m
[35m[HTTP][39m [37m-->[39m [37mGET[39m [37m/wd/hub/session/2ec7a32c-cf33-4c15-9123-677a8dcc71b0/screenshot[39m
[35m[HTTP][39m [90m{}[39m
[35m[HTTP][39m [37m<-- GET /wd/hub/session/2ec7a32c-cf33-4c15-9123-677a8dcc71b0/screenshot [39m[32m200[39m [90m386 ms - 232852[39m
[35m[HTTP][39m [90m[39m
[35m[HTTP][39m [37m-->[39m [37mPOST[39m [37m/wd/hub/session/2ec7a32c-cf33-4c15-9123-677a8dcc71b0/elements[39m
[35m[HTTP][39m [90m{"using":"xpath","value":"//*[@class = 'android.widget.Button' and (@text = 'Cancel' or . = 'Cancel')]"}[39m
[35m[HTTP][39m [37m<-- POST /wd/hub/session/2ec7a32c-cf33-4c15-9123-677a8dcc71b0/elements [39m[32m200[39m [90m124 ms - 139[39m
[35m[HTTP][39m [90m[39m
[35m[HTTP][39m [37m-->[39m [37mGET[39m [37m/wd/hub/session/2ec7a32c-cf33-4c15-9123-677a8dcc71b0/window/rect[39m
[35m[HTTP][39m [90m{}[39m
[35m[HTTP][39m [37m<-- GET /wd/hub/session/2ec7a32c-cf33-4c15-9123-677a8dcc71b0/window/rect [39m[32m200[39m [90m19 ms - 50[39m
[35m[HTTP][39m [90m[39m
[35m[HTTP][39m [37m-->[39m [37mPOST[39m [37m/wd/hub/session/2ec7a32c-cf33-4c15-9123-677a8dcc71b0/elements[39m
[35m[HTTP][39m [90m{"using":"xpath","value":"//*[@class = 'android.widget.Button' and (@text = 'Cancel' or . = 'Cancel')]"}[39m
[35m[HTTP][39m [37m<-- POST /wd/hub/session/2ec7a32c-cf33-4c15-9123-677a8dcc71b0/elements [39m[32m200[39m [90m104 ms - 139[39m
[35m[HTTP][39m [90m[39m
[35m[HTTP][39m [37m-->[39m [37mGET[39m [37m/wd/hub/session/2ec7a32c-cf33-4c15-9123-677a8dcc71b0/element/00000000-0000-002f-7fff-ffff0000005f/location[39m
[35m[HTTP][39m [90m{}[39m
[35m[W3C (2ec7a32c)][39m Driver proxy active, passing request on via HTTP proxy
[35m[WD Proxy][39m Replacing sessionId 4a461dcd-5ea7-4911-924c-871abbd84ada with 2ec7a32c-cf33-4c15-9123-677a8dcc71b0
[35m[HTTP][39m [37m<-- GET /wd/hub/session/2ec7a32c-cf33-4c15-9123-677a8dcc71b0/element/00000000-0000-002f-7fff-ffff0000005f/location [39m[32m200[39m [90m46 ms - 78[39m
[35m[HTTP][39m [90m[39m
[35m[HTTP][39m [37m-->[39m [37mPOST[39m [37m/wd/hub/session/2ec7a32c-cf33-4c15-9123-677a8dcc71b0/element/00000000-0000-002f-7fff-ffff0000005f/click[39m
[35m[HTTP][39m [90m{"id":"00000000-0000-002f-7fff-ffff0000005f"}[39m
[35m[HTTP][39m [37m<-- POST /wd/hub/session/2ec7a32c-cf33-4c15-9123-677a8dcc71b0/element/00000000-0000-002f-7fff-ffff0000005f/click [39m[32m200[39m [90m54 ms - 14[39m
[35m[HTTP][39m [90m[39m
[35m[HTTP][39m [37m-->[39m [37mGET[39m [37m/wd/hub/session/2ec7a32c-cf33-4c15-9123-677a8dcc71b0/source[39m
[35m[HTTP][39m [90m{}[39m
[35m[W3C (2ec7a32c)][39m Driver proxy active, passing request on via HTTP proxy
[35m[WD Proxy][39m Replacing sessionId 4a461dcd-5ea7-4911-924c-871abbd84ada with 2ec7a32c-cf33-4c15-9123-677a8dcc71b0
[35m[HTTP][39m [37m<-- GET /wd/hub/session/2ec7a32c-cf33-4c15-9123-677a8dcc71b0/source [39m[32m200[39m [90m574 ms - 46613[39m
[35m[HTTP][39m [90m[39m
[35m[HTTP][39m [37m-->[39m [37mGET[39m [37m/wd/hub/session/2ec7a32c-cf33-4c15-9123-677a8dcc71b0/screenshot[39m
[35m[HTTP][39m [90m{}[39m
[35m[HTTP][39m [37m<-- GET /wd/hub/session/2ec7a32c-cf33-4c15-9123-677a8dcc71b0/screenshot [39m[32m200[39m [90m560 ms - 453394[39m
[35m[HTTP][39m [90m[39m
[35m[HTTP][39m [37m-->[39m [37mPOST[39m [37m/wd/hub/session/2ec7a32c-cf33-4c15-9123-677a8dcc71b0/elements[39m
[35m[HTTP][39m [90m{"using":"xpath","value":"//*[@class = 'android.widget.TextView' and (@text = 'CLOSE' or . = 'CLOSE')]"}[39m
[35m[HTTP][39m [37m<-- POST /wd/hub/session/2ec7a32c-cf33-4c15-9123-677a8dcc71b0/elements [39m[32m200[39m [90m346 ms - 139[39m
[35m[HTTP][39m [90m[39m
[35m[HTTP][39m [37m-->[39m [37mGET[39m [37m/wd/hub/session/2ec7a32c-cf33-4c15-9123-677a8dcc71b0/window/rect[39m
[35m[HTTP][39m [90m{}[39m
[35m[HTTP][39m [37m<-- GET /wd/hub/session/2ec7a32c-cf33-4c15-9123-677a8dcc71b0/window/rect [39m[32m200[39m [90m13 ms - 50[39m
[35m[HTTP][39m [90m[39m
[35m[HTTP][39m [37m-->[39m [37mPOST[39m [37m/wd/hub/session/2ec7a32c-cf33-4c15-9123-677a8dcc71b0/elements[39m
[35m[HTTP][39m [90m{"using":"xpath","value":"//*[@class = 'android.widget.TextView' and (@text = 'CLOSE' or . = 'CLOSE')]"}[39m
[35m[HTTP][39m [37m<-- POST /wd/hub/session/2ec7a32c-cf33-4c15-9123-677a8dcc71b0/elements [39m[32m200[39m [90m332 ms - 139[39m
[35m[HTTP][39m [90m[39m
[35m[HTTP][39m [37m-->[39m [37mGET[39m [37m/wd/hub/session/2ec7a32c-cf33-4c15-9123-677a8dcc71b0/element/00000000-0000-002d-7fff-ffff000000b9/location[39m
[35m[HTTP][39m [90m{}[39m
[35m[W3C (2ec7a32c)][39m Driver proxy active, passing request on via HTTP proxy
[35m[WD Proxy][39m Replacing sessionId 4a461dcd-5ea7-4911-924c-871abbd84ada with 2ec7a32c-cf33-4c15-9123-677a8dcc71b0
[35m[HTTP][39m [37m<-- GET /wd/hub/session/2ec7a32c-cf33-4c15-9123-677a8dcc71b0/element/00000000-0000-002d-7fff-ffff000000b9/location [39m[32m200[39m [90m24 ms - 79[39m
[35m[HTTP][39m [90m[39m
[35m[HTTP][39m [37m-->[39m [37mPOST[39m [37m/wd/hub/session/2ec7a32c-cf33-4c15-9123-677a8dcc71b0/element/00000000-0000-002d-7fff-ffff000000b9/click[39m
[35m[HTTP][39m [90m{"id":"00000000-0000-002d-7fff-ffff000000b9"}[39m
[35m[HTTP][39m [37m<-- POST /wd/hub/session/2ec7a32c-cf33-4c15-9123-677a8dcc71b0/element/00000000-0000-002d-7fff-ffff000000b9/click [39m[32m200[39m [90m82 ms - 14[39m
[35m[HTTP][39m [90m[39m
[35m[HTTP][39m [37m-->[39m [37mGET[39m [37m/wd/hub/session/2ec7a32c-cf33-4c15-9123-677a8dcc71b0/source[39m
[35m[HTTP][39m [90m{}[39m
[35m[W3C (2ec7a32c)][39m Driver proxy active, passing request on via HTTP proxy
[35m[WD Proxy][39m Replacing sessionId 4a461dcd-5ea7-4911-924c-871abbd84ada with 2ec7a32c-cf33-4c15-9123-677a8dcc71b0
[35m[HTTP][39m [37m<-- GET /wd/hub/session/2ec7a32c-cf33-4c15-9123-677a8dcc71b0/source [39m[32m200[39m [90m1236 ms - 42451[39m
[35m[HTTP][39m [90m[39m
[35m[HTTP][39m [37m-->[39m [37mGET[39m [37m/wd/hub/session/2ec7a32c-cf33-4c15-9123-677a8dcc71b0/screenshot[39m
[35m[HTTP][39m [90m{}[39m
[35m[HTTP][39m [37m<-- GET /wd/hub/session/2ec7a32c-cf33-4c15-9123-677a8dcc71b0/screenshot [39m[32m200[39m [90m793 ms - 1112860[39m
[35m[HTTP][39m [90m[39m
[35m[HTTP][39m [37m-->[39m [37mDELETE[39m [37m/wd/hub/session/2ec7a32c-cf33-4c15-9123-677a8dcc71b0[39m
[35m[HTTP][39m [90m{}[39m
[35m[Appium][39m Removing session 2ec7a32c-cf33-4c15-9123-677a8dcc71b0 from our master session list
[35m[HTTP][39m [37m<-- DELETE /wd/hub/session/2ec7a32c-cf33-4c15-9123-677a8dcc71b0 [39m[32m200[39m [90m921 ms - 14[39m
[35m[HTTP][39m [90m[39m
